18:39:26,457 DEBUG org.apache.http.client.protocol.RequestAddCookies<strong>{1}</strong>:122 - CookieSpec selected: default
18:39:26,465 DEBUG org.apache.http.client.protocol.RequestAuthCache<strong>{1}</strong>:76 - Auth cache not set in the context
18:39:26,466 DEBUG org.apache.http.impl.conn.PoolingHttpClientConnectionManager<strong>{1}</strong>:249 - Connection request: [route: {}->http://localhost:15179][total kept alive: 0; route allocated: 0 of 2000; total allocated: 0 of 2000]
18:39:26,467 DEBUG org.apache.http.impl.conn.PoolingHttpClientConnectionManager<strong>{1}</strong>:282 - Connection leased: [id: 3][route: {}->http://localhost:15179][total kept alive: 0; route allocated: 1 of 2000; total allocated: 1 of 2000]
18:39:26,467 DEBUG org.apache.http.impl.execchain.MainClientExec<strong>{1}</strong>:234 - Opening connection {}->http://localhost:15179
18:39:26,468 DEBUG org.apache.http.impl.conn.DefaultHttpClientConnectionOperator<strong>{1}</strong>:131 - Connecting to localhost/127.0.0.1:15179
18:39:26,472 DEBUG org.apache.http.impl.conn.DefaultHttpClientConnectionOperator<strong>{1}</strong>:138 - Connection established 127.0.0.1:60070<->127.0.0.1:15179
18:39:26,473 DEBUG org.apache.http.impl.conn.DefaultManagedHttpClientConnection<strong>{1}</strong>:90 - http-outgoing-3: set socket timeout to 10800000
18:39:26,473 DEBUG org.apache.http.impl.execchain.MainClientExec<strong>{1}</strong>:255 - Executing request POST /session HTTP/1.1
18:39:26,474 DEBUG org.apache.http.impl.execchain.MainClientExec<strong>{1}</strong>:260 - Target auth state: UNCHALLENGED
18:39:26,474 DEBUG org.apache.http.impl.execchain.MainClientExec<strong>{1}</strong>:266 - Proxy auth state: UNCHALLENGED
18:39:26,475 DEBUG org.apache.http.headers<strong>{1}</strong>:135 - http-outgoing-3 >> POST /session HTTP/1.1
18:39:26,475 DEBUG org.apache.http.headers<strong>{1}</strong>:138 - http-outgoing-3 >> Content-Type: application/json; charset=utf-8
18:39:26,476 DEBUG org.apache.http.headers<strong>{1}</strong>:138 - http-outgoing-3 >> Content-Length: 122
18:39:26,477 DEBUG org.apache.http.headers<strong>{1}</strong>:138 - http-outgoing-3 >> Host: localhost:15179
18:39:26,477 DEBUG org.apache.http.headers<strong>{1}</strong>:138 - http-outgoing-3 >> Connection: Keep-Alive
18:39:26,480 DEBUG org.apache.http.headers<strong>{1}</strong>:138 - http-outgoing-3 >> User-Agent: Apache-HttpClient/4.5.1 (Java/1.8.0_121)
18:39:26,481 DEBUG org.apache.http.headers<strong>{1}</strong>:138 - http-outgoing-3 >> Accept-Encoding: gzip,deflate
18:39:26,482 DEBUG org.apache.http.wire<strong>{1}</strong>:72 - http-outgoing-3 >> "POST /session HTTP/1.1[\r][\n]"
18:39:26,483 DEBUG org.apache.http.wire<strong>{1}</strong>:72 - http-outgoing-3 >> "Content-Type: application/json; charset=utf-8[\r][\n]"
18:39:26,483 DEBUG org.apache.http.wire<strong>{1}</strong>:72 - http-outgoing-3 >> "Content-Length: 122[\r][\n]"
18:39:26,484 DEBUG org.apache.http.wire<strong>{1}</strong>:72 - http-outgoing-3 >> "Host: localhost:15179[\r][\n]"
18:39:26,484 DEBUG org.apache.http.wire<strong>{1}</strong>:72 - http-outgoing-3 >> "Connection: Keep-Alive[\r][\n]"
18:39:26,485 DEBUG org.apache.http.wire<strong>{1}</strong>:72 - http-outgoing-3 >> "User-Agent: Apache-HttpClient/4.5.1 (Java/1.8.0_121)[\r][\n]"
18:39:26,485 DEBUG org.apache.http.wire<strong>{1}</strong>:72 - http-outgoing-3 >> "Accept-Encoding: gzip,deflate[\r][\n]"
18:39:26,486 DEBUG org.apache.http.wire<strong>{1}</strong>:72 - http-outgoing-3 >> "[\r][\n]"
18:39:26,486 DEBUG org.apache.http.wire<strong>{1}</strong>:86 - http-outgoing-3 >> "{"desiredCapabilities":{"browserName":"chrome","chromeOptions":{"args":[],"extensions":[]},"version":"","platform":"ANY"}}"
18:39:31,832 DEBUG org.apache.http.wire<strong>{1}</strong>:72 - http-outgoing-3 << "HTTP/1.1 200 OK[\r][\n]"
18:39:31,832 DEBUG org.apache.http.wire<strong>{1}</strong>:72 - http-outgoing-3 << "Content-Length:779[\r][\n]"
18:39:31,833 DEBUG org.apache.http.wire<strong>{1}</strong>:72 - http-outgoing-3 << "Content-Type:application/json; charset=utf-8[\r][\n]"
18:39:34,483 DEBUG org.apache.http.wire<strong>{1}</strong>:72 - http-outgoing-3 << "Connection:close[\r][\n]"
18:39:34,484 DEBUG org.apache.http.wire<strong>{1}</strong>:72 - http-outgoing-3 << "[\r][\n]"
18:39:34,484 DEBUG org.apache.http.wire<strong>{1}</strong>:86 - http-outgoing-3 << "{"sessionId":"dda60f9924fb048570bb82754e4180f3","status":0,"value":{"acceptSslCerts":true,"applicationCacheEnabled":false,"browserConnectionEnabled":false,"browserName":"chrome","chrome":{"chromedriverVersion":"2.27.440174 (e97a722caafc2d3a8b807ee115bfb307f7d2cfd9)","userDataDir":"C:\\Users\\rajuk\\AppData\\Local\\Temp\\scoped_dir19032_12369"},"cssSelectorsEnabled":true,"databaseEnabled":false,"handlesAlerts":true,"hasTouchScreen":false,"javascriptEnabled":true,"locationContextEnabled":true,"mobileEmulationEnabled":false,"nativeEvents":true,"networkConnectionEnabled":false,"pageLoadStrategy":"normal","platform":"Windows NT","rotatable":false,"takesHeapSnapshot":true,"takesScreenshot":true,"unexpectedAlertBehaviour":"","version":"56.0.2924.87","webStorageEnabled":true}}"
18:39:34,501 DEBUG org.apache.http.headers<strong>{1}</strong>:124 - http-outgoing-3 << HTTP/1.1 200 OK
18:39:34,501 DEBUG org.apache.http.headers<strong>{1}</strong>:127 - http-outgoing-3 << Content-Length:779
18:39:34,502 DEBUG org.apache.http.headers<strong>{1}</strong>:127 - http-outgoing-3 << Content-Type:application/json; charset=utf-8
18:39:34,502 DEBUG org.apache.http.headers<strong>{1}</strong>:127 - http-outgoing-3 << Connection:close
18:39:34,503 DEBUG org.apache.http.impl.conn.DefaultManagedHttpClientConnection<strong>{1}</strong>:81 - http-outgoing-3: Close connection
18:39:34,503 DEBUG org.apache.http.impl.execchain.MainClientExec<strong>{1}</strong>:103 - Connection discarded
18:39:34,504 DEBUG org.apache.http.impl.conn.PoolingHttpClientConnectionManager<strong>{1}</strong>:320 - Connection released: [id: 3][route: {}->http://localhost:15179][total kept alive: 0; route allocated: 0 of 2000; total allocated: 0 of 2000]
18:39:34,507 DEBUG org.apache.http.client.protocol.RequestAddCookies<strong>{1}</strong>:122 - CookieSpec selected: default
18:39:34,507 DEBUG org.apache.http.client.protocol.RequestAuthCache<strong>{1}</strong>:76 - Auth cache not set in the context
18:39:34,508 DEBUG org.apache.http.impl.conn.PoolingHttpClientConnectionManager<strong>{1}</strong>:249 - Connection request: [route: {}->http://localhost:15179][total kept alive: 0; route allocated: 0 of 2000; total allocated: 0 of 2000]
18:39:34,508 DEBUG org.apache.http.impl.conn.PoolingHttpClientConnectionManager<strong>{1}</strong>:282 - Connection leased: [id: 4][route: {}->http://localhost:15179][total kept alive: 0; route allocated: 1 of 2000; total allocated: 1 of 2000]
18:39:34,509 DEBUG org.apache.http.impl.execchain.MainClientExec<strong>{1}</strong>:234 - Opening connection {}->http://localhost:15179
18:39:34,509 DEBUG org.apache.http.impl.conn.DefaultHttpClientConnectionOperator<strong>{1}</strong>:131 - Connecting to localhost/127.0.0.1:15179
18:39:34,511 DEBUG org.apache.http.impl.conn.DefaultHttpClientConnectionOperator<strong>{1}</strong>:138 - Connection established 127.0.0.1:60088<->127.0.0.1:15179
18:39:34,511 DEBUG org.apache.http.impl.conn.DefaultManagedHttpClientConnection<strong>{1}</strong>:90 - http-outgoing-4: set socket timeout to 10800000
18:39:34,512 DEBUG org.apache.http.impl.execchain.MainClientExec<strong>{1}</strong>:255 - Executing request POST /session/dda60f9924fb048570bb82754e4180f3/window/current/maximize HTTP/1.1
18:39:34,512 DEBUG org.apache.http.impl.execchain.MainClientExec<strong>{1}</strong>:260 - Target auth state: UNCHALLENGED
18:39:34,512 DEBUG org.apache.http.impl.execchain.MainClientExec<strong>{1}</strong>:266 - Proxy auth state: UNCHALLENGED
18:39:34,513 DEBUG org.apache.http.headers<strong>{1}</strong>:135 - http-outgoing-4 >> POST /session/dda60f9924fb048570bb82754e4180f3/window/current/maximize HTTP/1.1
18:39:34,513 DEBUG org.apache.http.headers<strong>{1}</strong>:138 - http-outgoing-4 >> Content-Type: application/json; charset=utf-8
18:39:34,513 DEBUG org.apache.http.headers<strong>{1}</strong>:138 - http-outgoing-4 >> Content-Length: 26
18:39:34,514 DEBUG org.apache.http.headers<strong>{1}</strong>:138 - http-outgoing-4 >> Host: localhost:15179
18:39:34,514 DEBUG org.apache.http.headers<strong>{1}</strong>:138 - http-outgoing-4 >> Connection: Keep-Alive
18:39:34,514 DEBUG org.apache.http.headers<strong>{1}</strong>:138 - http-outgoing-4 >> User-Agent: Apache-HttpClient/4.5.1 (Java/1.8.0_121)
18:39:34,514 DEBUG org.apache.http.headers<strong>{1}</strong>:138 - http-outgoing-4 >> Accept-Encoding: gzip,deflate
18:39:34,515 DEBUG org.apache.http.wire<strong>{1}</strong>:72 - http-outgoing-4 >> "POST /session/dda60f9924fb048570bb82754e4180f3/window/current/maximize HTTP/1.1[\r][\n]"
18:39:34,515 DEBUG org.apache.http.wire<strong>{1}</strong>:72 - http-outgoing-4 >> "Content-Type: application/json; charset=utf-8[\r][\n]"
18:39:34,515 DEBUG org.apache.http.wire<strong>{1}</strong>:72 - http-outgoing-4 >> "Content-Length: 26[\r][\n]"
18:39:34,516 DEBUG org.apache.http.wire<strong>{1}</strong>:72 - http-outgoing-4 >> "Host: localhost:15179[\r][\n]"
18:39:34,516 DEBUG org.apache.http.wire<strong>{1}</strong>:72 - http-outgoing-4 >> "Connection: Keep-Alive[\r][\n]"
18:39:34,516 DEBUG org.apache.http.wire<strong>{1}</strong>:72 - http-outgoing-4 >> "User-Agent: Apache-HttpClient/4.5.1 (Java/1.8.0_121)[\r][\n]"
18:39:34,517 DEBUG org.apache.http.wire<strong>{1}</strong>:72 - http-outgoing-4 >> "Accept-Encoding: gzip,deflate[\r][\n]"
18:39:34,517 DEBUG org.apache.http.wire<strong>{1}</strong>:72 - http-outgoing-4 >> "[\r][\n]"
18:39:34,517 DEBUG org.apache.http.wire<strong>{1}</strong>:86 - http-outgoing-4 >> "{"windowHandle":"current"}"
18:39:35,764 DEBUG org.apache.http.wire<strong>{1}</strong>:72 - http-outgoing-4 << "HTTP/1.1 200 OK[\r][\n]"
18:39:35,765 DEBUG org.apache.http.wire<strong>{1}</strong>:72 - http-outgoing-4 << "Content-Length:72[\r][\n]"
18:39:35,766 DEBUG org.apache.http.wire<strong>{1}</strong>:72 - http-outgoing-4 << "Content-Type:application/json; charset=utf-8[\r][\n]"
18:39:35,767 DEBUG org.apache.http.wire<strong>{1}</strong>:72 - http-outgoing-4 << "Connection:close[\r][\n]"
18:39:35,768 DEBUG org.apache.http.wire<strong>{1}</strong>:72 - http-outgoing-4 << "[\r][\n]"
18:39:35,769 DEBUG org.apache.http.wire<strong>{1}</strong>:86 - http-outgoing-4 << "{"sessionId":"dda60f9924fb048570bb82754e4180f3","status":0,"value":null}"
18:39:35,770 DEBUG org.apache.http.headers<strong>{1}</strong>:124 - http-outgoing-4 << HTTP/1.1 200 OK
18:39:35,771 DEBUG org.apache.http.headers<strong>{1}</strong>:127 - http-outgoing-4 << Content-Length:72
18:39:35,771 DEBUG org.apache.http.headers<strong>{1}</strong>:127 - http-outgoing-4 << Content-Type:application/json; charset=utf-8
18:39:35,772 DEBUG org.apache.http.headers<strong>{1}</strong>:127 - http-outgoing-4 << Connection:close
18:39:35,774 DEBUG org.apache.http.impl.conn.DefaultManagedHttpClientConnection<strong>{1}</strong>:81 - http-outgoing-4: Close connection
18:39:35,775 DEBUG org.apache.http.impl.execchain.MainClientExec<strong>{1}</strong>:103 - Connection discarded
18:39:35,776 DEBUG org.apache.http.impl.conn.PoolingHttpClientConnectionManager<strong>{1}</strong>:320 - Connection released: [id: 4][route: {}->http://localhost:15179][total kept alive: 0; route allocated: 0 of 2000; total allocated: 0 of 2000]
18:39:35,780 DEBUG org.apache.http.client.protocol.RequestAddCookies<strong>{1}</strong>:122 - CookieSpec selected: default
18:39:35,781 DEBUG org.apache.http.client.protocol.RequestAuthCache<strong>{1}</strong>:76 - Auth cache not set in the context
18:39:35,781 DEBUG org.apache.http.impl.conn.PoolingHttpClientConnectionManager<strong>{1}</strong>:249 - Connection request: [route: {}->http://localhost:15179][total kept alive: 0; route allocated: 0 of 2000; total allocated: 0 of 2000]
18:39:35,782 DEBUG org.apache.http.impl.conn.PoolingHttpClientConnectionManager<strong>{1}</strong>:282 - Connection leased: [id: 5][route: {}->http://localhost:15179][total kept alive: 0; route allocated: 1 of 2000; total allocated: 1 of 2000]
18:39:35,783 DEBUG org.apache.http.impl.execchain.MainClientExec<strong>{1}</strong>:234 - Opening connection {}->http://localhost:15179
18:39:35,784 DEBUG org.apache.http.impl.conn.DefaultHttpClientConnectionOperator<strong>{1}</strong>:131 - Connecting to localhost/127.0.0.1:15179
18:39:35,787 DEBUG org.apache.http.impl.conn.DefaultHttpClientConnectionOperator<strong>{1}</strong>:138 - Connection established 127.0.0.1:60091<->127.0.0.1:15179
18:39:35,788 DEBUG org.apache.http.impl.conn.DefaultManagedHttpClientConnection<strong>{1}</strong>:90 - http-outgoing-5: set socket timeout to 10800000
18:39:35,788 DEBUG org.apache.http.impl.execchain.MainClientExec<strong>{1}</strong>:255 - Executing request POST /session/dda60f9924fb048570bb82754e4180f3/timeouts HTTP/1.1
18:39:35,788 DEBUG org.apache.http.impl.execchain.MainClientExec<strong>{1}</strong>:260 - Target auth state: UNCHALLENGED
18:39:35,789 DEBUG org.apache.http.impl.execchain.MainClientExec<strong>{1}</strong>:266 - Proxy auth state: UNCHALLENGED
18:39:35,789 DEBUG org.apache.http.headers<strong>{1}</strong>:135 - http-outgoing-5 >> POST /session/dda60f9924fb048570bb82754e4180f3/timeouts HTTP/1.1
18:39:35,790 DEBUG org.apache.http.headers<strong>{1}</strong>:138 - http-outgoing-5 >> Content-Type: application/json; charset=utf-8
18:39:35,790 DEBUG org.apache.http.headers<strong>{1}</strong>:138 - http-outgoing-5 >> Content-Length: 30
18:39:35,791 DEBUG org.apache.http.headers<strong>{1}</strong>:138 - http-outgoing-5 >> Host: localhost:15179
18:39:35,791 DEBUG org.apache.http.headers<strong>{1}</strong>:138 - http-outgoing-5 >> Connection: Keep-Alive
18:39:35,791 DEBUG org.apache.http.headers<strong>{1}</strong>:138 - http-outgoing-5 >> User-Agent: Apache-HttpClient/4.5.1 (Java/1.8.0_121)
18:39:35,792 DEBUG org.apache.http.headers<strong>{1}</strong>:138 - http-outgoing-5 >> Accept-Encoding: gzip,deflate
18:39:35,792 DEBUG org.apache.http.wire<strong>{1}</strong>:72 - http-outgoing-5 >> "POST /session/dda60f9924fb048570bb82754e4180f3/timeouts HTTP/1.1[\r][\n]"
18:39:35,792 DEBUG org.apache.http.wire<strong>{1}</strong>:72 - http-outgoing-5 >> "Content-Type: application/json; charset=utf-8[\r][\n]"
18:39:35,792 DEBUG org.apache.http.wire<strong>{1}</strong>:72 - http-outgoing-5 >> "Content-Length: 30[\r][\n]"
18:39:35,793 DEBUG org.apache.http.wire<strong>{1}</strong>:72 - http-outgoing-5 >> "Host: localhost:15179[\r][\n]"
18:39:35,793 DEBUG org.apache.http.wire<strong>{1}</strong>:72 - http-outgoing-5 >> "Connection: Keep-Alive[\r][\n]"
18:39:35,793 DEBUG org.apache.http.wire<strong>{1}</strong>:72 - http-outgoing-5 >> "User-Agent: Apache-HttpClient/4.5.1 (Java/1.8.0_121)[\r][\n]"
18:39:35,794 DEBUG org.apache.http.wire<strong>{1}</strong>:72 - http-outgoing-5 >> "Accept-Encoding: gzip,deflate[\r][\n]"
18:39:35,794 DEBUG org.apache.http.wire<strong>{1}</strong>:72 - http-outgoing-5 >> "[\r][\n]"
18:39:35,795 DEBUG org.apache.http.wire<strong>{1}</strong>:86 - http-outgoing-5 >> "{"type":"implicit","ms":20000}"
18:39:35,797 DEBUG org.apache.http.wire<strong>{1}</strong>:72 - http-outgoing-5 << "HTTP/1.1 200 OK[\r][\n]"
18:39:35,797 DEBUG org.apache.http.wire<strong>{1}</strong>:72 - http-outgoing-5 << "Content-Length:72[\r][\n]"
18:39:35,798 DEBUG org.apache.http.wire<strong>{1}</strong>:72 - http-outgoing-5 << "Content-Type:application/json; charset=utf-8[\r][\n]"
18:39:35,798 DEBUG org.apache.http.wire<strong>{1}</strong>:72 - http-outgoing-5 << "Connection:close[\r][\n]"
18:39:35,799 DEBUG org.apache.http.wire<strong>{1}</strong>:72 - http-outgoing-5 << "[\r][\n]"
18:39:35,799 DEBUG org.apache.http.wire<strong>{1}</strong>:86 - http-outgoing-5 << "{"sessionId":"dda60f9924fb048570bb82754e4180f3","status":0,"value":null}"
18:39:35,800 DEBUG org.apache.http.headers<strong>{1}</strong>:124 - http-outgoing-5 << HTTP/1.1 200 OK
18:39:35,800 DEBUG org.apache.http.headers<strong>{1}</strong>:127 - http-outgoing-5 << Content-Length:72
18:39:35,800 DEBUG org.apache.http.headers<strong>{1}</strong>:127 - http-outgoing-5 << Content-Type:application/json; charset=utf-8
18:39:35,800 DEBUG org.apache.http.headers<strong>{1}</strong>:127 - http-outgoing-5 << Connection:close
18:39:35,801 DEBUG org.apache.http.impl.conn.DefaultManagedHttpClientConnection<strong>{1}</strong>:81 - http-outgoing-5: Close connection
18:39:35,802 DEBUG org.apache.http.impl.execchain.MainClientExec<strong>{1}</strong>:103 - Connection discarded
18:39:35,802 DEBUG org.apache.http.impl.conn.PoolingHttpClientConnectionManager<strong>{1}</strong>:320 - Connection released: [id: 5][route: {}->http://localhost:15179][total kept alive: 0; route allocated: 0 of 2000; total allocated: 0 of 2000]
18:39:35,806 DEBUG org.apache.http.client.protocol.RequestAddCookies<strong>{1}</strong>:122 - CookieSpec selected: default
18:39:35,806 DEBUG org.apache.http.client.protocol.RequestAuthCache<strong>{1}</strong>:76 - Auth cache not set in the context
18:39:35,806 DEBUG org.apache.http.impl.conn.PoolingHttpClientConnectionManager<strong>{1}</strong>:249 - Connection request: [route: {}->http://localhost:15179][total kept alive: 0; route allocated: 0 of 2000; total allocated: 0 of 2000]
18:39:35,807 DEBUG org.apache.http.impl.conn.PoolingHttpClientConnectionManager<strong>{1}</strong>:282 - Connection leased: [id: 6][route: {}->http://localhost:15179][total kept alive: 0; route allocated: 1 of 2000; total allocated: 1 of 2000]
18:39:35,807 DEBUG org.apache.http.impl.execchain.MainClientExec<strong>{1}</strong>:234 - Opening connection {}->http://localhost:15179
18:39:35,808 DEBUG org.apache.http.impl.conn.DefaultHttpClientConnectionOperator<strong>{1}</strong>:131 - Connecting to localhost/127.0.0.1:15179
18:39:35,810 DEBUG org.apache.http.impl.conn.DefaultHttpClientConnectionOperator<strong>{1}</strong>:138 - Connection established 127.0.0.1:60092<->127.0.0.1:15179
18:39:35,811 DEBUG org.apache.http.impl.conn.DefaultManagedHttpClientConnection<strong>{1}</strong>:90 - http-outgoing-6: set socket timeout to 10800000
18:39:35,811 DEBUG org.apache.http.impl.execchain.MainClientExec<strong>{1}</strong>:255 - Executing request POST /session/dda60f9924fb048570bb82754e4180f3/url HTTP/1.1
18:39:35,811 DEBUG org.apache.http.impl.execchain.MainClientExec<strong>{1}</strong>:260 - Target auth state: UNCHALLENGED
18:39:35,811 DEBUG org.apache.http.impl.execchain.MainClientExec<strong>{1}</strong>:266 - Proxy auth state: UNCHALLENGED
18:39:35,812 DEBUG org.apache.http.headers<strong>{1}</strong>:135 - http-outgoing-6 >> POST /session/dda60f9924fb048570bb82754e4180f3/url HTTP/1.1
18:39:35,812 DEBUG org.apache.http.headers<strong>{1}</strong>:138 - http-outgoing-6 >> Content-Type: application/json; charset=utf-8
18:39:35,812 DEBUG org.apache.http.headers<strong>{1}</strong>:138 - http-outgoing-6 >> Content-Length: 40
18:39:35,812 DEBUG org.apache.http.headers<strong>{1}</strong>:138 - http-outgoing-6 >> Host: localhost:15179
18:39:35,813 DEBUG org.apache.http.headers<strong>{1}</strong>:138 - http-outgoing-6 >> Connection: Keep-Alive
18:39:35,813 DEBUG org.apache.http.headers<strong>{1}</strong>:138 - http-outgoing-6 >> User-Agent: Apache-HttpClient/4.5.1 (Java/1.8.0_121)
18:39:35,813 DEBUG org.apache.http.headers<strong>{1}</strong>:138 - http-outgoing-6 >> Accept-Encoding: gzip,deflate
18:39:35,813 DEBUG org.apache.http.wire<strong>{1}</strong>:72 - http-outgoing-6 >> "POST /session/dda60f9924fb048570bb82754e4180f3/url HTTP/1.1[\r][\n]"
18:39:35,814 DEBUG org.apache.http.wire<strong>{1}</strong>:72 - http-outgoing-6 >> "Content-Type: application/json; charset=utf-8[\r][\n]"
18:39:35,814 DEBUG org.apache.http.wire<strong>{1}</strong>:72 - http-outgoing-6 >> "Content-Length: 40[\r][\n]"
18:39:35,814 DEBUG org.apache.http.wire<strong>{1}</strong>:72 - http-outgoing-6 >> "Host: localhost:15179[\r][\n]"
18:39:35,814 DEBUG org.apache.http.wire<strong>{1}</strong>:72 - http-outgoing-6 >> "Connection: Keep-Alive[\r][\n]"
18:39:35,815 DEBUG org.apache.http.wire<strong>{1}</strong>:72 - http-outgoing-6 >> "User-Agent: Apache-HttpClient/4.5.1 (Java/1.8.0_121)[\r][\n]"
18:39:35,815 DEBUG org.apache.http.wire<strong>{1}</strong>:72 - http-outgoing-6 >> "Accept-Encoding: gzip,deflate[\r][\n]"
18:39:35,816 DEBUG org.apache.http.wire<strong>{1}</strong>:72 - http-outgoing-6 >> "[\r][\n]"
18:39:35,816 DEBUG org.apache.http.wire<strong>{1}</strong>:86 - http-outgoing-6 >> "{"url":"http://15.213.51.128:8080/dsm/"}"
18:40:02,589 DEBUG org.apache.http.wire<strong>{1}</strong>:72 - http-outgoing-6 << "HTTP/1.1 200 OK[\r][\n]"
18:40:02,590 DEBUG org.apache.http.wire<strong>{1}</strong>:72 - http-outgoing-6 << "Content-Length:72[\r][\n]"
18:40:02,590 DEBUG org.apache.http.wire<strong>{1}</strong>:72 - http-outgoing-6 << "Content-Type:application/json; charset=utf-8[\r][\n]"
18:40:02,591 DEBUG org.apache.http.wire<strong>{1}</strong>:72 - http-outgoing-6 << "Connection:close[\r][\n]"
18:40:02,591 DEBUG org.apache.http.wire<strong>{1}</strong>:72 - http-outgoing-6 << "[\r][\n]"
18:40:02,591 DEBUG org.apache.http.wire<strong>{1}</strong>:86 - http-outgoing-6 << "{"sessionId":"dda60f9924fb048570bb82754e4180f3","status":0,"value":null}"
18:40:02,592 DEBUG org.apache.http.headers<strong>{1}</strong>:124 - http-outgoing-6 << HTTP/1.1 200 OK
18:40:02,592 DEBUG org.apache.http.headers<strong>{1}</strong>:127 - http-outgoing-6 << Content-Length:72
18:40:02,592 DEBUG org.apache.http.headers<strong>{1}</strong>:127 - http-outgoing-6 << Content-Type:application/json; charset=utf-8
18:40:02,592 DEBUG org.apache.http.headers<strong>{1}</strong>:127 - http-outgoing-6 << Connection:close
18:40:02,592 DEBUG org.apache.http.impl.conn.DefaultManagedHttpClientConnection<strong>{1}</strong>:81 - http-outgoing-6: Close connection
18:40:02,593 DEBUG org.apache.http.impl.execchain.MainClientExec<strong>{1}</strong>:103 - Connection discarded
18:40:02,593 DEBUG org.apache.http.impl.conn.PoolingHttpClientConnectionManager<strong>{1}</strong>:320 - Connection released: [id: 6][route: {}->http://localhost:15179][total kept alive: 0; route allocated: 0 of 2000; total allocated: 0 of 2000]
18:40:02,602 DEBUG org.apache.http.client.protocol.RequestAddCookies<strong>{1}</strong>:122 - CookieSpec selected: default
18:40:02,602 DEBUG org.apache.http.client.protocol.RequestAuthCache<strong>{1}</strong>:76 - Auth cache not set in the context
18:40:02,603 DEBUG org.apache.http.impl.conn.PoolingHttpClientConnectionManager<strong>{1}</strong>:249 - Connection request: [route: {}->http://localhost:15179][total kept alive: 0; route allocated: 0 of 2000; total allocated: 0 of 2000]
18:40:02,604 DEBUG org.apache.http.impl.conn.PoolingHttpClientConnectionManager<strong>{1}</strong>:282 - Connection leased: [id: 7][route: {}->http://localhost:15179][total kept alive: 0; route allocated: 1 of 2000; total allocated: 1 of 2000]
18:40:02,604 DEBUG org.apache.http.impl.execchain.MainClientExec<strong>{1}</strong>:234 - Opening connection {}->http://localhost:15179
18:40:02,610 DEBUG org.apache.http.impl.conn.DefaultHttpClientConnectionOperator<strong>{1}</strong>:131 - Connecting to localhost/127.0.0.1:15179
18:40:02,612 DEBUG org.apache.http.impl.conn.DefaultHttpClientConnectionOperator<strong>{1}</strong>:138 - Connection established 127.0.0.1:60099<->127.0.0.1:15179
18:40:02,613 DEBUG org.apache.http.impl.conn.DefaultManagedHttpClientConnection<strong>{1}</strong>:90 - http-outgoing-7: set socket timeout to 10800000
18:40:02,613 DEBUG org.apache.http.impl.execchain.MainClientExec<strong>{1}</strong>:255 - Executing request POST /session/dda60f9924fb048570bb82754e4180f3/element HTTP/1.1
18:40:02,613 DEBUG org.apache.http.impl.execchain.MainClientExec<strong>{1}</strong>:260 - Target auth state: UNCHALLENGED
18:40:02,614 DEBUG org.apache.http.impl.execchain.MainClientExec<strong>{1}</strong>:266 - Proxy auth state: UNCHALLENGED
18:40:02,614 DEBUG org.apache.http.headers<strong>{1}</strong>:135 - http-outgoing-7 >> POST /session/dda60f9924fb048570bb82754e4180f3/element HTTP/1.1
18:40:02,614 DEBUG org.apache.http.headers<strong>{1}</strong>:138 - http-outgoing-7 >> Content-Type: application/json; charset=utf-8
18:40:02,614 DEBUG org.apache.http.headers<strong>{1}</strong>:138 - http-outgoing-7 >> Content-Length: 33
18:40:02,615 DEBUG org.apache.http.headers<strong>{1}</strong>:138 - http-outgoing-7 >> Host: localhost:15179
18:40:02,615 DEBUG org.apache.http.headers<strong>{1}</strong>:138 - http-outgoing-7 >> Connection: Keep-Alive
18:40:02,615 DEBUG org.apache.http.headers<strong>{1}</strong>:138 - http-outgoing-7 >> User-Agent: Apache-HttpClient/4.5.1 (Java/1.8.0_121)
18:40:02,616 DEBUG org.apache.http.headers<strong>{1}</strong>:138 - http-outgoing-7 >> Accept-Encoding: gzip,deflate
18:40:02,616 DEBUG org.apache.http.wire<strong>{1}</strong>:72 - http-outgoing-7 >> "POST /session/dda60f9924fb048570bb82754e4180f3/element HTTP/1.1[\r][\n]"
18:40:02,617 DEBUG org.apache.http.wire<strong>{1}</strong>:72 - http-outgoing-7 >> "Content-Type: application/json; charset=utf-8[\r][\n]"
18:40:02,617 DEBUG org.apache.http.wire<strong>{1}</strong>:72 - http-outgoing-7 >> "Content-Length: 33[\r][\n]"
18:40:02,617 DEBUG org.apache.http.wire<strong>{1}</strong>:72 - http-outgoing-7 >> "Host: localhost:15179[\r][\n]"
18:40:02,617 DEBUG org.apache.http.wire<strong>{1}</strong>:72 - http-outgoing-7 >> "Connection: Keep-Alive[\r][\n]"
18:40:02,618 DEBUG org.apache.http.wire<strong>{1}</strong>:72 - http-outgoing-7 >> "User-Agent: Apache-HttpClient/4.5.1 (Java/1.8.0_121)[\r][\n]"
18:40:02,618 DEBUG org.apache.http.wire<strong>{1}</strong>:72 - http-outgoing-7 >> "Accept-Encoding: gzip,deflate[\r][\n]"
18:40:02,618 DEBUG org.apache.http.wire<strong>{1}</strong>:72 - http-outgoing-7 >> "[\r][\n]"
18:40:02,619 DEBUG org.apache.http.wire<strong>{1}</strong>:86 - http-outgoing-7 >> "{"using":"id","value":"username"}"
18:40:02,621 DEBUG org.apache.http.wire<strong>{1}</strong>:72 - http-outgoing-7 << "HTTP/1.1 200 OK[\r][\n]"
18:40:02,622 DEBUG org.apache.http.wire<strong>{1}</strong>:72 - http-outgoing-7 << "Content-Length:332[\r][\n]"
18:40:02,623 DEBUG org.apache.http.wire<strong>{1}</strong>:72 - http-outgoing-7 << "Content-Type:application/json; charset=utf-8[\r][\n]"
18:40:02,624 DEBUG org.apache.http.wire<strong>{1}</strong>:72 - http-outgoing-7 << "Connection:close[\r][\n]"
18:40:02,624 DEBUG org.apache.http.wire<strong>{1}</strong>:72 - http-outgoing-7 << "[\r][\n]"
18:40:02,624 DEBUG org.apache.http.wire<strong>{1}</strong>:86 - http-outgoing-7 << "{"sessionId":"dda60f9924fb048570bb82754e4180f3","status":23,"value":{"message":"no such window: target window already closed\nfrom unknown error: web view not found\n  (Session info: chrome=56.0.2924.87)\n  (Driver info: chromedriver=2.27.440174 (e97a722caafc2d3a8b807ee115bfb307f7d2cfd9),platform=Windows NT 6.1.7601 SP1 x86_64)"}}"
18:40:02,626 DEBUG org.apache.http.headers<strong>{1}</strong>:124 - http-outgoing-7 << HTTP/1.1 200 OK
18:40:02,627 DEBUG org.apache.http.headers<strong>{1}</strong>:127 - http-outgoing-7 << Content-Length:332
18:40:02,627 DEBUG org.apache.http.headers<strong>{1}</strong>:127 - http-outgoing-7 << Content-Type:application/json; charset=utf-8
18:40:02,627 DEBUG org.apache.http.headers<strong>{1}</strong>:127 - http-outgoing-7 << Connection:close
18:40:02,627 DEBUG org.apache.http.impl.conn.DefaultManagedHttpClientConnection<strong>{1}</strong>:81 - http-outgoing-7: Close connection
18:40:02,628 DEBUG org.apache.http.impl.execchain.MainClientExec<strong>{1}</strong>:103 - Connection discarded
18:40:02,628 DEBUG org.apache.http.impl.conn.PoolingHttpClientConnectionManager<strong>{1}</strong>:320 - Connection released: [id: 7][route: {}->http://localhost:15179][total kept alive: 0; route allocated: 0 of 2000; total allocated: 0 of 2000]
